<html>
<head>
<title>TestNG:  The_Other_Guys_P2</title>
<link href="../testng.css" rel="stylesheet" type="text/css" />
<link href="../my-testng.css" rel="stylesheet" type="text/css" />

<style type="text/css">
.log { display: none;} 
.stack-trace { display: none;} 
</style>
<script type="text/javascript">
<!--
function flip(e) {
  current = e.style.display;
  if (current == 'block') {
    e.style.display = 'none';
    return 0;
  }
  else {
    e.style.display = 'block';
    return 1;
  }
}

function toggleBox(szDivId, elem, msg1, msg2)
{
  var res = -1;  if (document.getElementById) {
    res = flip(document.getElementById(szDivId));
  }
  else if (document.all) {
    // this is the way old msie versions work
    res = flip(document.all[szDivId]);
  }
  if(elem) {
    if(res == 0) elem.innerHTML = msg1; else elem.innerHTML = msg2;
  }

}

function toggleAllBoxes() {
  if (document.getElementsByTagName) {
    d = document.getElementsByTagName('div');
    for (i = 0; i < d.length; i++) {
      if (d[i].className == 'log') {
        flip(d[i]);
      }
    }
  }
}

// -->
</script>

</head>
<body>
<h2 align='center'>The_Other_Guys_P2</h2><table border='1' align="center">
<tr>
<td>Tests passed/Failed/Skipped:</td><td>44/0/0</td>
</tr><tr>
<td>Started on:</td><td>Wed Apr 27 12:22:26 EDT 2022</td>
</tr>
<tr><td>Total time:</td><td>8 seconds (8827 ms)</td>
</tr><tr>
<td>Included groups:</td><td></td>
</tr><tr>
<td>Excluded groups:</td><td></td>
</tr>
</table><p/>
<small><i>(Hover the method name to see the test class name)</i></small><p/>
<table width='100%' border='1' class='invocation-passed'>
<tr><td colspan='4' align='center'><b>PASSED TESTS</b></td></tr>
<tr><td><b>Test method</b></td>
<td width="30%"><b>Exception</b></td>
<td width="10%"><b>Time (seconds)</b></td>
<td><b>Instance</b></td>
</tr>
<tr>
<td title='EntityTests.returnDeleteRequest()'><b>returnDeleteRequest</b><br>Test class: EntityTests</td>
<td></td>
<td>0</td>
<td>EntityTests@305fd85d</td></tr>
<tr>
<td title='EntityTests.sanitizeFromApiTestDescriptionEmpty()'><b>sanitizeFromApiTestDescriptionEmpty</b><br>Test class: EntityTests</td>
<td></td>
<td>0</td>
<td>EntityTests@305fd85d</td></tr>
<tr>
<td title='ServiceLayerTests.testCreateHelpTicketCommentTooLong()'><b>testCreateHelpTicketCommentTooLong</b><br>Test class: ServiceLayerTests</td>
<td><div><pre>com.businessName.CustomerExceptions.MalformedObjectException: Please enter less than 250 characters in the comments box
	at com.businessName.ticketService.TechnicianInteractions.createTicket(TechnicianInteractions.java:48)
	at ServiceLayerTests.testCreateHelpTicketCommentTooLong(ServiceLayerTests.java:296)
	at java.util.ArrayList.forEach(ArrayList.java:1259)
	at com.intellij.rt.testng.IDEARemoteTestNG.run(IDEARemoteTestNG.java:66)
	at com.intellij.rt.testng.RemoteTestNGStarter.main(RemoteTestNGStarter.java:109)
... Removed 24 stack frames</pre></div><a href='#' onClick='toggleBox("stack-trace955324150", this, "Click to show all stack frames", "Click to hide stack frames")'>Click to show all stack frames</a>
<div class='stack-trace' id='stack-trace955324150'><pre>com.businessName.CustomerExceptions.MalformedObjectException: Please enter less than 250 characters in the comments box
	at com.businessName.ticketService.TechnicianInteractions.createTicket(TechnicianInteractions.java:48)
	at ServiceLayerTests.testCreateHelpTicketCommentTooLong(ServiceLayerTests.java:296)
	at sun.reflect.NativeMethodAccessorImpl.invoke0(Native Method)
	at sun.reflect.NativeMethodAccessorImpl.invoke(NativeMethodAccessorImpl.java:62)
	at sun.reflect.DelegatingMethodAccessorImpl.invoke(DelegatingMethodAccessorImpl.java:43)
	at java.lang.reflect.Method.invoke(Method.java:498)
	at org.testng.internal.invokers.MethodInvocationHelper.invokeMethod(MethodInvocationHelper.java:135)
	at org.testng.internal.invokers.TestInvoker.invokeMethod(TestInvoker.java:673)
	at org.testng.internal.invokers.TestInvoker.invokeTestMethod(TestInvoker.java:220)
	at org.testng.internal.invokers.MethodRunner.runInSequence(MethodRunner.java:50)
	at org.testng.internal.invokers.TestInvoker$MethodInvocationAgent.invoke(TestInvoker.java:945)
	at org.testng.internal.invokers.TestInvoker.invokeTestMethods(TestInvoker.java:193)
	at org.testng.internal.invokers.TestMethodWorker.invokeTestMethods(TestMethodWorker.java:146)
	at org.testng.internal.invokers.TestMethodWorker.run(TestMethodWorker.java:128)
	at java.util.ArrayList.forEach(ArrayList.java:1259)
	at org.testng.TestRunner.privateRun(TestRunner.java:808)
	at org.testng.TestRunner.run(TestRunner.java:603)
	at org.testng.SuiteRunner.runTest(SuiteRunner.java:429)
	at org.testng.SuiteRunner.runSequentially(SuiteRunner.java:423)
	at org.testng.SuiteRunner.privateRun(SuiteRunner.java:383)
	at org.testng.SuiteRunner.run(SuiteRunner.java:326)
	at org.testng.SuiteRunnerWorker.runSuite(SuiteRunnerWorker.java:52)
	at org.testng.SuiteRunnerWorker.run(SuiteRunnerWorker.java:95)
	at org.testng.TestNG.runSuitesSequentially(TestNG.java:1249)
	at org.testng.TestNG.runSuitesLocally(TestNG.java:1169)
	at org.testng.TestNG.runSuites(TestNG.java:1092)
	at org.testng.TestNG.run(TestNG.java:1060)
	at com.intellij.rt.testng.IDEARemoteTestNG.run(IDEARemoteTestNG.java:66)
	at com.intellij.rt.testng.RemoteTestNGStarter.main(RemoteTestNGStarter.java:109)
</pre></div></td>
<td>0</td>
<td>ServiceLayerTests@76f2b07d</td></tr>
<tr>
<td title='DataAccessTests.selectObjectDBSuccess()'><b>selectObjectDBSuccess</b><br>Test class: DataAccessTests</td>
<td></td>
<td>0</td>
<td>DataAccessTests@458c1321</td></tr>
<tr>
<td title='ServiceLayerTests.testCreateHelpTicketSuccess()'><b>testCreateHelpTicketSuccess</b><br>Test class: ServiceLayerTests</td>
<td></td>
<td>0</td>
<td>ServiceLayerTests@76f2b07d</td></tr>
<tr>
<td title='ServiceLayerTests.testUpdatePersonalInfoLastNameSuccess()'><b>testUpdatePersonalInfoLastNameSuccess</b><br>Test class: ServiceLayerTests</td>
<td></td>
<td>0</td>
<td>ServiceLayerTests@76f2b07d</td></tr>
<tr>
<td title='DataAccessTests.insetObjectDbSuccess()'><b>insetObjectDbSuccess</b><br>Test class: DataAccessTests</td>
<td></td>
<td>0</td>
<td>DataAccessTests@458c1321</td></tr>
<tr>
<td title='ServiceLayerTests.testViewHelpRequestNoRecord()'><b>testViewHelpRequestNoRecord</b><br>Test class: ServiceLayerTests</td>
<td><div><pre>com.businessName.CustomerExceptions.RecordNotFound: You have no open help requests.
	at com.businessName.ticketService.ClientInteractions.viewHelpRequest(ClientInteractions.java:50)
	at ServiceLayerTests.testViewHelpRequestNoRecord(ServiceLayerTests.java:113)
	at java.util.ArrayList.forEach(ArrayList.java:1259)
	at com.intellij.rt.testng.IDEARemoteTestNG.run(IDEARemoteTestNG.java:66)
	at com.intellij.rt.testng.RemoteTestNGStarter.main(RemoteTestNGStarter.java:109)
... Removed 24 stack frames</pre></div><a href='#' onClick='toggleBox("stack-trace2095677157", this, "Click to show all stack frames", "Click to hide stack frames")'>Click to show all stack frames</a>
<div class='stack-trace' id='stack-trace2095677157'><pre>com.businessName.CustomerExceptions.RecordNotFound: You have no open help requests.
	at com.businessName.ticketService.ClientInteractions.viewHelpRequest(ClientInteractions.java:50)
	at ServiceLayerTests.testViewHelpRequestNoRecord(ServiceLayerTests.java:113)
	at sun.reflect.NativeMethodAccessorImpl.invoke0(Native Method)
	at sun.reflect.NativeMethodAccessorImpl.invoke(NativeMethodAccessorImpl.java:62)
	at sun.reflect.DelegatingMethodAccessorImpl.invoke(DelegatingMethodAccessorImpl.java:43)
	at java.lang.reflect.Method.invoke(Method.java:498)
	at org.testng.internal.invokers.MethodInvocationHelper.invokeMethod(MethodInvocationHelper.java:135)
	at org.testng.internal.invokers.TestInvoker.invokeMethod(TestInvoker.java:673)
	at org.testng.internal.invokers.TestInvoker.invokeTestMethod(TestInvoker.java:220)
	at org.testng.internal.invokers.MethodRunner.runInSequence(MethodRunner.java:50)
	at org.testng.internal.invokers.TestInvoker$MethodInvocationAgent.invoke(TestInvoker.java:945)
	at org.testng.internal.invokers.TestInvoker.invokeTestMethods(TestInvoker.java:193)
	at org.testng.internal.invokers.TestMethodWorker.invokeTestMethods(TestMethodWorker.java:146)
	at org.testng.internal.invokers.TestMethodWorker.run(TestMethodWorker.java:128)
	at java.util.ArrayList.forEach(ArrayList.java:1259)
	at org.testng.TestRunner.privateRun(TestRunner.java:808)
	at org.testng.TestRunner.run(TestRunner.java:603)
	at org.testng.SuiteRunner.runTest(SuiteRunner.java:429)
	at org.testng.SuiteRunner.runSequentially(SuiteRunner.java:423)
	at org.testng.SuiteRunner.privateRun(SuiteRunner.java:383)
	at org.testng.SuiteRunner.run(SuiteRunner.java:326)
	at org.testng.SuiteRunnerWorker.runSuite(SuiteRunnerWorker.java:52)
	at org.testng.SuiteRunnerWorker.run(SuiteRunnerWorker.java:95)
	at org.testng.TestNG.runSuitesSequentially(TestNG.java:1249)
	at org.testng.TestNG.runSuitesLocally(TestNG.java:1169)
	at org.testng.TestNG.runSuites(TestNG.java:1092)
	at org.testng.TestNG.run(TestNG.java:1060)
	at com.intellij.rt.testng.IDEARemoteTestNG.run(IDEARemoteTestNG.java:66)
	at com.intellij.rt.testng.RemoteTestNGStarter.main(RemoteTestNGStarter.java:109)
</pre></div></td>
<td>0</td>
<td>ServiceLayerTests@76f2b07d</td></tr>
<tr>
<td title='EntityTests.sanitizeFromApiTestTokenSuccess()'><b>sanitizeFromApiTestTokenSuccess</b><br>Test class: EntityTests</td>
<td><div><pre>com.businessName.CustomerExceptions.MalformedObjectException: Access Denied!!!
	at com.businessName.dataEntity.DatabaseEntity.sanitizeFromApi(DatabaseEntity.java:22)
	at EntityTests.sanitizeFromApiTestTokenSuccess(EntityTests.java:28)
	at java.util.ArrayList.forEach(ArrayList.java:1259)
	at com.intellij.rt.testng.IDEARemoteTestNG.run(IDEARemoteTestNG.java:66)
	at com.intellij.rt.testng.RemoteTestNGStarter.main(RemoteTestNGStarter.java:109)
... Removed 24 stack frames</pre></div><a href='#' onClick='toggleBox("stack-trace1272051933", this, "Click to show all stack frames", "Click to hide stack frames")'>Click to show all stack frames</a>
<div class='stack-trace' id='stack-trace1272051933'><pre>com.businessName.CustomerExceptions.MalformedObjectException: Access Denied!!!
	at com.businessName.dataEntity.DatabaseEntity.sanitizeFromApi(DatabaseEntity.java:22)
	at EntityTests.sanitizeFromApiTestTokenSuccess(EntityTests.java:28)
	at sun.reflect.NativeMethodAccessorImpl.invoke0(Native Method)
	at sun.reflect.NativeMethodAccessorImpl.invoke(NativeMethodAccessorImpl.java:62)
	at sun.reflect.DelegatingMethodAccessorImpl.invoke(DelegatingMethodAccessorImpl.java:43)
	at java.lang.reflect.Method.invoke(Method.java:498)
	at org.testng.internal.invokers.MethodInvocationHelper.invokeMethod(MethodInvocationHelper.java:135)
	at org.testng.internal.invokers.TestInvoker.invokeMethod(TestInvoker.java:673)
	at org.testng.internal.invokers.TestInvoker.invokeTestMethod(TestInvoker.java:220)
	at org.testng.internal.invokers.MethodRunner.runInSequence(MethodRunner.java:50)
	at org.testng.internal.invokers.TestInvoker$MethodInvocationAgent.invoke(TestInvoker.java:945)
	at org.testng.internal.invokers.TestInvoker.invokeTestMethods(TestInvoker.java:193)
	at org.testng.internal.invokers.TestMethodWorker.invokeTestMethods(TestMethodWorker.java:146)
	at org.testng.internal.invokers.TestMethodWorker.run(TestMethodWorker.java:128)
	at java.util.ArrayList.forEach(ArrayList.java:1259)
	at org.testng.TestRunner.privateRun(TestRunner.java:808)
	at org.testng.TestRunner.run(TestRunner.java:603)
	at org.testng.SuiteRunner.runTest(SuiteRunner.java:429)
	at org.testng.SuiteRunner.runSequentially(SuiteRunner.java:423)
	at org.testng.SuiteRunner.privateRun(SuiteRunner.java:383)
	at org.testng.SuiteRunner.run(SuiteRunner.java:326)
	at org.testng.SuiteRunnerWorker.runSuite(SuiteRunnerWorker.java:52)
	at org.testng.SuiteRunnerWorker.run(SuiteRunnerWorker.java:95)
	at org.testng.TestNG.runSuitesSequentially(TestNG.java:1249)
	at org.testng.TestNG.runSuitesLocally(TestNG.java:1169)
	at org.testng.TestNG.runSuites(TestNG.java:1092)
	at org.testng.TestNG.run(TestNG.java:1060)
	at com.intellij.rt.testng.IDEARemoteTestNG.run(IDEARemoteTestNG.java:66)
	at com.intellij.rt.testng.RemoteTestNGStarter.main(RemoteTestNGStarter.java:109)
</pre></div></td>
<td>0</td>
<td>EntityTests@305fd85d</td></tr>
<tr>
<td title='DataAccessTests.deleteObjectDbSuccess()'><b>deleteObjectDbSuccess</b><br>Test class: DataAccessTests</td>
<td></td>
<td>0</td>
<td>DataAccessTests@458c1321</td></tr>
<tr>
<td title='ServiceLayerTests.testCreateHelpTicketOneAlreadyExists()'><b>testCreateHelpTicketOneAlreadyExists</b><br>Test class: ServiceLayerTests</td>
<td><div><pre>com.businessName.CustomerExceptions.RecordNotFound: Can not have more than one ticket open at a time
	at com.businessName.ticketService.TechnicianInteractions.createTicket(TechnicianInteractions.java:59)
	at ServiceLayerTests.testCreateHelpTicketOneAlreadyExists(ServiceLayerTests.java:320)
	at java.util.ArrayList.forEach(ArrayList.java:1259)
	at com.intellij.rt.testng.IDEARemoteTestNG.run(IDEARemoteTestNG.java:66)
	at com.intellij.rt.testng.RemoteTestNGStarter.main(RemoteTestNGStarter.java:109)
... Removed 24 stack frames</pre></div><a href='#' onClick='toggleBox("stack-trace1548946718", this, "Click to show all stack frames", "Click to hide stack frames")'>Click to show all stack frames</a>
<div class='stack-trace' id='stack-trace1548946718'><pre>com.businessName.CustomerExceptions.RecordNotFound: Can not have more than one ticket open at a time
	at com.businessName.ticketService.TechnicianInteractions.createTicket(TechnicianInteractions.java:59)
	at ServiceLayerTests.testCreateHelpTicketOneAlreadyExists(ServiceLayerTests.java:320)
	at sun.reflect.NativeMethodAccessorImpl.invoke0(Native Method)
	at sun.reflect.NativeMethodAccessorImpl.invoke(NativeMethodAccessorImpl.java:62)
	at sun.reflect.DelegatingMethodAccessorImpl.invoke(DelegatingMethodAccessorImpl.java:43)
	at java.lang.reflect.Method.invoke(Method.java:498)
	at org.testng.internal.invokers.MethodInvocationHelper.invokeMethod(MethodInvocationHelper.java:135)
	at org.testng.internal.invokers.TestInvoker.invokeMethod(TestInvoker.java:673)
	at org.testng.internal.invokers.TestInvoker.invokeTestMethod(TestInvoker.java:220)
	at org.testng.internal.invokers.MethodRunner.runInSequence(MethodRunner.java:50)
	at org.testng.internal.invokers.TestInvoker$MethodInvocationAgent.invoke(TestInvoker.java:945)
	at org.testng.internal.invokers.TestInvoker.invokeTestMethods(TestInvoker.java:193)
	at org.testng.internal.invokers.TestMethodWorker.invokeTestMethods(TestMethodWorker.java:146)
	at org.testng.internal.invokers.TestMethodWorker.run(TestMethodWorker.java:128)
	at java.util.ArrayList.forEach(ArrayList.java:1259)
	at org.testng.TestRunner.privateRun(TestRunner.java:808)
	at org.testng.TestRunner.run(TestRunner.java:603)
	at org.testng.SuiteRunner.runTest(SuiteRunner.java:429)
	at org.testng.SuiteRunner.runSequentially(SuiteRunner.java:423)
	at org.testng.SuiteRunner.privateRun(SuiteRunner.java:383)
	at org.testng.SuiteRunner.run(SuiteRunner.java:326)
	at org.testng.SuiteRunnerWorker.runSuite(SuiteRunnerWorker.java:52)
	at org.testng.SuiteRunnerWorker.run(SuiteRunnerWorker.java:95)
	at org.testng.TestNG.runSuitesSequentially(TestNG.java:1249)
	at org.testng.TestNG.runSuitesLocally(TestNG.java:1169)
	at org.testng.TestNG.runSuites(TestNG.java:1092)
	at org.testng.TestNG.run(TestNG.java:1060)
	at com.intellij.rt.testng.IDEARemoteTestNG.run(IDEARemoteTestNG.java:66)
	at com.intellij.rt.testng.RemoteTestNGStarter.main(RemoteTestNGStarter.java:109)
</pre></div></td>
<td>0</td>
<td>ServiceLayerTests@76f2b07d</td></tr>
<tr>
<td title='ServiceLayerTests.testCancelRecordNotFound()'><b>testCancelRecordNotFound</b><br>Test class: ServiceLayerTests</td>
<td><div><pre>com.businessName.CustomerExceptions.RecordNotFound: record not found
	at com.businessName.ticketService.ClientInteractions.cancelHelpRequest(ClientInteractions.java:93)
	at ServiceLayerTests.testCancelRecordNotFound(ServiceLayerTests.java:359)
	at java.util.ArrayList.forEach(ArrayList.java:1259)
	at com.intellij.rt.testng.IDEARemoteTestNG.run(IDEARemoteTestNG.java:66)
	at com.intellij.rt.testng.RemoteTestNGStarter.main(RemoteTestNGStarter.java:109)
... Removed 24 stack frames</pre></div><a href='#' onClick='toggleBox("stack-trace472991420", this, "Click to show all stack frames", "Click to hide stack frames")'>Click to show all stack frames</a>
<div class='stack-trace' id='stack-trace472991420'><pre>com.businessName.CustomerExceptions.RecordNotFound: record not found
	at com.businessName.ticketService.ClientInteractions.cancelHelpRequest(ClientInteractions.java:93)
	at ServiceLayerTests.testCancelRecordNotFound(ServiceLayerTests.java:359)
	at sun.reflect.NativeMethodAccessorImpl.invoke0(Native Method)
	at sun.reflect.NativeMethodAccessorImpl.invoke(NativeMethodAccessorImpl.java:62)
	at sun.reflect.DelegatingMethodAccessorImpl.invoke(DelegatingMethodAccessorImpl.java:43)
	at java.lang.reflect.Method.invoke(Method.java:498)
	at org.testng.internal.invokers.MethodInvocationHelper.invokeMethod(MethodInvocationHelper.java:135)
	at org.testng.internal.invokers.TestInvoker.invokeMethod(TestInvoker.java:673)
	at org.testng.internal.invokers.TestInvoker.invokeTestMethod(TestInvoker.java:220)
	at org.testng.internal.invokers.MethodRunner.runInSequence(MethodRunner.java:50)
	at org.testng.internal.invokers.TestInvoker$MethodInvocationAgent.invoke(TestInvoker.java:945)
	at org.testng.internal.invokers.TestInvoker.invokeTestMethods(TestInvoker.java:193)
	at org.testng.internal.invokers.TestMethodWorker.invokeTestMethods(TestMethodWorker.java:146)
	at org.testng.internal.invokers.TestMethodWorker.run(TestMethodWorker.java:128)
	at java.util.ArrayList.forEach(ArrayList.java:1259)
	at org.testng.TestRunner.privateRun(TestRunner.java:808)
	at org.testng.TestRunner.run(TestRunner.java:603)
	at org.testng.SuiteRunner.runTest(SuiteRunner.java:429)
	at org.testng.SuiteRunner.runSequentially(SuiteRunner.java:423)
	at org.testng.SuiteRunner.privateRun(SuiteRunner.java:383)
	at org.testng.SuiteRunner.run(SuiteRunner.java:326)
	at org.testng.SuiteRunnerWorker.runSuite(SuiteRunnerWorker.java:52)
	at org.testng.SuiteRunnerWorker.run(SuiteRunnerWorker.java:95)
	at org.testng.TestNG.runSuitesSequentially(TestNG.java:1249)
	at org.testng.TestNG.runSuitesLocally(TestNG.java:1169)
	at org.testng.TestNG.runSuites(TestNG.java:1092)
	at org.testng.TestNG.run(TestNG.java:1060)
	at com.intellij.rt.testng.IDEARemoteTestNG.run(IDEARemoteTestNG.java:66)
	at com.intellij.rt.testng.RemoteTestNGStarter.main(RemoteTestNGStarter.java:109)
</pre></div></td>
<td>0</td>
<td>ServiceLayerTests@76f2b07d</td></tr>
<tr>
<td title='EntityTests.returnInsertQuerySuccess()'><b>returnInsertQuerySuccess</b><br>Test class: EntityTests</td>
<td></td>
<td>0</td>
<td>EntityTests@305fd85d</td></tr>
<tr>
<td title='ServiceLayerTests.testDoLoginSuccess()'><b>testDoLoginSuccess</b><br>Test class: ServiceLayerTests</td>
<td></td>
<td>0</td>
<td>ServiceLayerTests@76f2b07d</td></tr>
<tr>
<td title='ServiceLayerTests.testUpdatePersonalInfoFirstNameSuccess()'><b>testUpdatePersonalInfoFirstNameSuccess</b><br>Test class: ServiceLayerTests</td>
<td></td>
<td>0</td>
<td>ServiceLayerTests@76f2b07d</td></tr>
<tr>
<td title='ServiceLayerTests.resolveTicketSuccess()'><b>resolveTicketSuccess</b><br>Test class: ServiceLayerTests</td>
<td></td>
<td>0</td>
<td>ServiceLayerTests@76f2b07d</td></tr>
<tr>
<td title='EntityTests.sanitizeFromApiTestDescriptionNull()'><b>sanitizeFromApiTestDescriptionNull</b><br>Test class: EntityTests</td>
<td></td>
<td>0</td>
<td>EntityTests@305fd85d</td></tr>
<tr>
<td title='EntityTests.sanitizeFromApiTestNoTableName()'><b>sanitizeFromApiTestNoTableName</b><br>Test class: EntityTests</td>
<td></td>
<td>0</td>
<td>EntityTests@305fd85d</td></tr>
<tr>
<td title='ServiceLayerTests.testDoLoginBadUsername()'><b>testDoLoginBadUsername</b><br>Test class: ServiceLayerTests</td>
<td><div><pre>com.businessName.CustomerExceptions.LoginFailedException: Incorrect Username!
	at com.businessName.ticketService.EmployeeInteractions.doLogin(EmployeeInteractions.java:31)
	at ServiceLayerTests.testDoLoginBadUsername(ServiceLayerTests.java:139)
	at java.util.ArrayList.forEach(ArrayList.java:1259)
	at com.intellij.rt.testng.IDEARemoteTestNG.run(IDEARemoteTestNG.java:66)
	at com.intellij.rt.testng.RemoteTestNGStarter.main(RemoteTestNGStarter.java:109)
... Removed 24 stack frames</pre></div><a href='#' onClick='toggleBox("stack-trace1060703587", this, "Click to show all stack frames", "Click to hide stack frames")'>Click to show all stack frames</a>
<div class='stack-trace' id='stack-trace1060703587'><pre>com.businessName.CustomerExceptions.LoginFailedException: Incorrect Username!
	at com.businessName.ticketService.EmployeeInteractions.doLogin(EmployeeInteractions.java:31)
	at ServiceLayerTests.testDoLoginBadUsername(ServiceLayerTests.java:139)
	at sun.reflect.NativeMethodAccessorImpl.invoke0(Native Method)
	at sun.reflect.NativeMethodAccessorImpl.invoke(NativeMethodAccessorImpl.java:62)
	at sun.reflect.DelegatingMethodAccessorImpl.invoke(DelegatingMethodAccessorImpl.java:43)
	at java.lang.reflect.Method.invoke(Method.java:498)
	at org.testng.internal.invokers.MethodInvocationHelper.invokeMethod(MethodInvocationHelper.java:135)
	at org.testng.internal.invokers.TestInvoker.invokeMethod(TestInvoker.java:673)
	at org.testng.internal.invokers.TestInvoker.invokeTestMethod(TestInvoker.java:220)
	at org.testng.internal.invokers.MethodRunner.runInSequence(MethodRunner.java:50)
	at org.testng.internal.invokers.TestInvoker$MethodInvocationAgent.invoke(TestInvoker.java:945)
	at org.testng.internal.invokers.TestInvoker.invokeTestMethods(TestInvoker.java:193)
	at org.testng.internal.invokers.TestMethodWorker.invokeTestMethods(TestMethodWorker.java:146)
	at org.testng.internal.invokers.TestMethodWorker.run(TestMethodWorker.java:128)
	at java.util.ArrayList.forEach(ArrayList.java:1259)
	at org.testng.TestRunner.privateRun(TestRunner.java:808)
	at org.testng.TestRunner.run(TestRunner.java:603)
	at org.testng.SuiteRunner.runTest(SuiteRunner.java:429)
	at org.testng.SuiteRunner.runSequentially(SuiteRunner.java:423)
	at org.testng.SuiteRunner.privateRun(SuiteRunner.java:383)
	at org.testng.SuiteRunner.run(SuiteRunner.java:326)
	at org.testng.SuiteRunnerWorker.runSuite(SuiteRunnerWorker.java:52)
	at org.testng.SuiteRunnerWorker.run(SuiteRunnerWorker.java:95)
	at org.testng.TestNG.runSuitesSequentially(TestNG.java:1249)
	at org.testng.TestNG.runSuitesLocally(TestNG.java:1169)
	at org.testng.TestNG.runSuites(TestNG.java:1092)
	at org.testng.TestNG.run(TestNG.java:1060)
	at com.intellij.rt.testng.IDEARemoteTestNG.run(IDEARemoteTestNG.java:66)
	at com.intellij.rt.testng.RemoteTestNGStarter.main(RemoteTestNGStarter.java:109)
</pre></div></td>
<td>0</td>
<td>ServiceLayerTests@76f2b07d</td></tr>
<tr>
<td title='EntityTests.sanitizeFromApiTestIdValuesNotConvertibleNoUnderscore()'><b>sanitizeFromApiTestIdValuesNotConvertibleNoUnderscore</b><br>Test class: EntityTests</td>
<td></td>
<td>0</td>
<td>EntityTests@305fd85d</td></tr>
<tr>
<td title='DataAccessTests.selectObjectsDBSuccess()'><b>selectObjectsDBSuccess</b><br>Test class: DataAccessTests</td>
<td></td>
<td>0</td>
<td>DataAccessTests@458c1321</td></tr>
<tr>
<td title='ServiceLayerTests.testUpdateTicketSuccess()'><b>testUpdateTicketSuccess</b><br>Test class: ServiceLayerTests</td>
<td></td>
<td>0</td>
<td>ServiceLayerTests@76f2b07d</td></tr>
<tr>
<td title='EntityTests.returnSqlForSelectOne()'><b>returnSqlForSelectOne</b><br>Test class: EntityTests</td>
<td></td>
<td>0</td>
<td>EntityTests@305fd85d</td></tr>
<tr>
<td title='ServiceLayerTests.testUpdateHelpRequestSuccess()'><b>testUpdateHelpRequestSuccess</b><br>Test class: ServiceLayerTests</td>
<td></td>
<td>0</td>
<td>ServiceLayerTests@76f2b07d</td></tr>
<tr>
<td title='EntityTests.updateEmployeeSuccess()'><b>updateEmployeeSuccess</b><br>Test class: EntityTests</td>
<td></td>
<td>0</td>
<td>EntityTests@305fd85d</td></tr>
<tr>
<td title='ServiceLayerTests.testCreateHelpRequestOneAlreadyExists()'><b>testCreateHelpRequestOneAlreadyExists</b><br>Test class: ServiceLayerTests</td>
<td><div><pre>com.businessName.CustomerExceptions.RecordNotFound: Can not have more than one request open at a time
	at com.businessName.ticketService.ClientInteractions.createHelpRequest(ClientInteractions.java:35)
	at ServiceLayerTests.testCreateHelpRequestOneAlreadyExists(ServiceLayerTests.java:227)
	at java.util.ArrayList.forEach(ArrayList.java:1259)
	at com.intellij.rt.testng.IDEARemoteTestNG.run(IDEARemoteTestNG.java:66)
	at com.intellij.rt.testng.RemoteTestNGStarter.main(RemoteTestNGStarter.java:109)
... Removed 24 stack frames</pre></div><a href='#' onClick='toggleBox("stack-trace1431556341", this, "Click to show all stack frames", "Click to hide stack frames")'>Click to show all stack frames</a>
<div class='stack-trace' id='stack-trace1431556341'><pre>com.businessName.CustomerExceptions.RecordNotFound: Can not have more than one request open at a time
	at com.businessName.ticketService.ClientInteractions.createHelpRequest(ClientInteractions.java:35)
	at ServiceLayerTests.testCreateHelpRequestOneAlreadyExists(ServiceLayerTests.java:227)
	at sun.reflect.NativeMethodAccessorImpl.invoke0(Native Method)
	at sun.reflect.NativeMethodAccessorImpl.invoke(NativeMethodAccessorImpl.java:62)
	at sun.reflect.DelegatingMethodAccessorImpl.invoke(DelegatingMethodAccessorImpl.java:43)
	at java.lang.reflect.Method.invoke(Method.java:498)
	at org.testng.internal.invokers.MethodInvocationHelper.invokeMethod(MethodInvocationHelper.java:135)
	at org.testng.internal.invokers.TestInvoker.invokeMethod(TestInvoker.java:673)
	at org.testng.internal.invokers.TestInvoker.invokeTestMethod(TestInvoker.java:220)
	at org.testng.internal.invokers.MethodRunner.runInSequence(MethodRunner.java:50)
	at org.testng.internal.invokers.TestInvoker$MethodInvocationAgent.invoke(TestInvoker.java:945)
	at org.testng.internal.invokers.TestInvoker.invokeTestMethods(TestInvoker.java:193)
	at org.testng.internal.invokers.TestMethodWorker.invokeTestMethods(TestMethodWorker.java:146)
	at org.testng.internal.invokers.TestMethodWorker.run(TestMethodWorker.java:128)
	at java.util.ArrayList.forEach(ArrayList.java:1259)
	at org.testng.TestRunner.privateRun(TestRunner.java:808)
	at org.testng.TestRunner.run(TestRunner.java:603)
	at org.testng.SuiteRunner.runTest(SuiteRunner.java:429)
	at org.testng.SuiteRunner.runSequentially(SuiteRunner.java:423)
	at org.testng.SuiteRunner.privateRun(SuiteRunner.java:383)
	at org.testng.SuiteRunner.run(SuiteRunner.java:326)
	at org.testng.SuiteRunnerWorker.runSuite(SuiteRunnerWorker.java:52)
	at org.testng.SuiteRunnerWorker.run(SuiteRunnerWorker.java:95)
	at org.testng.TestNG.runSuitesSequentially(TestNG.java:1249)
	at org.testng.TestNG.runSuitesLocally(TestNG.java:1169)
	at org.testng.TestNG.runSuites(TestNG.java:1092)
	at org.testng.TestNG.run(TestNG.java:1060)
	at com.intellij.rt.testng.IDEARemoteTestNG.run(IDEARemoteTestNG.java:66)
	at com.intellij.rt.testng.RemoteTestNGStarter.main(RemoteTestNGStarter.java:109)
</pre></div></td>
<td>0</td>
<td>ServiceLayerTests@76f2b07d</td></tr>
<tr>
<td title='ServiceLayerTests.testCancelHelpRequestSuccess()'><b>testCancelHelpRequestSuccess</b><br>Test class: ServiceLayerTests</td>
<td></td>
<td>0</td>
<td>ServiceLayerTests@76f2b07d</td></tr>
<tr>
<td title='ServiceLayerTests.testUpdatePersonalInfoTooManyCharacters()'><b>testUpdatePersonalInfoTooManyCharacters</b><br>Test class: ServiceLayerTests</td>
<td><div><pre>com.businessName.CustomerExceptions.MalformedObjectException: Please enter less than 12 characters in the description box
	at com.businessName.ticketService.EmployeeInteractions.updatePersonalInfo(EmployeeInteractions.java:57)
	at ServiceLayerTests.testUpdatePersonalInfoTooManyCharacters(ServiceLayerTests.java:263)
	at java.util.ArrayList.forEach(ArrayList.java:1259)
	at com.intellij.rt.testng.IDEARemoteTestNG.run(IDEARemoteTestNG.java:66)
	at com.intellij.rt.testng.RemoteTestNGStarter.main(RemoteTestNGStarter.java:109)
... Removed 24 stack frames</pre></div><a href='#' onClick='toggleBox("stack-trace1202042637", this, "Click to show all stack frames", "Click to hide stack frames")'>Click to show all stack frames</a>
<div class='stack-trace' id='stack-trace1202042637'><pre>com.businessName.CustomerExceptions.MalformedObjectException: Please enter less than 12 characters in the description box
	at com.businessName.ticketService.EmployeeInteractions.updatePersonalInfo(EmployeeInteractions.java:57)
	at ServiceLayerTests.testUpdatePersonalInfoTooManyCharacters(ServiceLayerTests.java:263)
	at sun.reflect.NativeMethodAccessorImpl.invoke0(Native Method)
	at sun.reflect.NativeMethodAccessorImpl.invoke(NativeMethodAccessorImpl.java:62)
	at sun.reflect.DelegatingMethodAccessorImpl.invoke(DelegatingMethodAccessorImpl.java:43)
	at java.lang.reflect.Method.invoke(Method.java:498)
	at org.testng.internal.invokers.MethodInvocationHelper.invokeMethod(MethodInvocationHelper.java:135)
	at org.testng.internal.invokers.TestInvoker.invokeMethod(TestInvoker.java:673)
	at org.testng.internal.invokers.TestInvoker.invokeTestMethod(TestInvoker.java:220)
	at org.testng.internal.invokers.MethodRunner.runInSequence(MethodRunner.java:50)
	at org.testng.internal.invokers.TestInvoker$MethodInvocationAgent.invoke(TestInvoker.java:945)
	at org.testng.internal.invokers.TestInvoker.invokeTestMethods(TestInvoker.java:193)
	at org.testng.internal.invokers.TestMethodWorker.invokeTestMethods(TestMethodWorker.java:146)
	at org.testng.internal.invokers.TestMethodWorker.run(TestMethodWorker.java:128)
	at java.util.ArrayList.forEach(ArrayList.java:1259)
	at org.testng.TestRunner.privateRun(TestRunner.java:808)
	at org.testng.TestRunner.run(TestRunner.java:603)
	at org.testng.SuiteRunner.runTest(SuiteRunner.java:429)
	at org.testng.SuiteRunner.runSequentially(SuiteRunner.java:423)
	at org.testng.SuiteRunner.privateRun(SuiteRunner.java:383)
	at org.testng.SuiteRunner.run(SuiteRunner.java:326)
	at org.testng.SuiteRunnerWorker.runSuite(SuiteRunnerWorker.java:52)
	at org.testng.SuiteRunnerWorker.run(SuiteRunnerWorker.java:95)
	at org.testng.TestNG.runSuitesSequentially(TestNG.java:1249)
	at org.testng.TestNG.runSuitesLocally(TestNG.java:1169)
	at org.testng.TestNG.runSuites(TestNG.java:1092)
	at org.testng.TestNG.run(TestNG.java:1060)
	at com.intellij.rt.testng.IDEARemoteTestNG.run(IDEARemoteTestNG.java:66)
	at com.intellij.rt.testng.RemoteTestNGStarter.main(RemoteTestNGStarter.java:109)
</pre></div></td>
<td>0</td>
<td>ServiceLayerTests@76f2b07d</td></tr>
<tr>
<td title='ServiceLayerTests.testDoLoginBadPassword()'><b>testDoLoginBadPassword</b><br>Test class: ServiceLayerTests</td>
<td><div><pre>com.businessName.CustomerExceptions.LoginFailedException: Incorrect Password!
	at com.businessName.ticketService.EmployeeInteractions.doLogin(EmployeeInteractions.java:37)
	at ServiceLayerTests.testDoLoginBadPassword(ServiceLayerTests.java:160)
	at java.util.ArrayList.forEach(ArrayList.java:1259)
	at com.intellij.rt.testng.IDEARemoteTestNG.run(IDEARemoteTestNG.java:66)
	at com.intellij.rt.testng.RemoteTestNGStarter.main(RemoteTestNGStarter.java:109)
... Removed 24 stack frames</pre></div><a href='#' onClick='toggleBox("stack-trace350069300", this, "Click to show all stack frames", "Click to hide stack frames")'>Click to show all stack frames</a>
<div class='stack-trace' id='stack-trace350069300'><pre>com.businessName.CustomerExceptions.LoginFailedException: Incorrect Password!
	at com.businessName.ticketService.EmployeeInteractions.doLogin(EmployeeInteractions.java:37)
	at ServiceLayerTests.testDoLoginBadPassword(ServiceLayerTests.java:160)
	at sun.reflect.NativeMethodAccessorImpl.invoke0(Native Method)
	at sun.reflect.NativeMethodAccessorImpl.invoke(NativeMethodAccessorImpl.java:62)
	at sun.reflect.DelegatingMethodAccessorImpl.invoke(DelegatingMethodAccessorImpl.java:43)
	at java.lang.reflect.Method.invoke(Method.java:498)
	at org.testng.internal.invokers.MethodInvocationHelper.invokeMethod(MethodInvocationHelper.java:135)
	at org.testng.internal.invokers.TestInvoker.invokeMethod(TestInvoker.java:673)
	at org.testng.internal.invokers.TestInvoker.invokeTestMethod(TestInvoker.java:220)
	at org.testng.internal.invokers.MethodRunner.runInSequence(MethodRunner.java:50)
	at org.testng.internal.invokers.TestInvoker$MethodInvocationAgent.invoke(TestInvoker.java:945)
	at org.testng.internal.invokers.TestInvoker.invokeTestMethods(TestInvoker.java:193)
	at org.testng.internal.invokers.TestMethodWorker.invokeTestMethods(TestMethodWorker.java:146)
	at org.testng.internal.invokers.TestMethodWorker.run(TestMethodWorker.java:128)
	at java.util.ArrayList.forEach(ArrayList.java:1259)
	at org.testng.TestRunner.privateRun(TestRunner.java:808)
	at org.testng.TestRunner.run(TestRunner.java:603)
	at org.testng.SuiteRunner.runTest(SuiteRunner.java:429)
	at org.testng.SuiteRunner.runSequentially(SuiteRunner.java:423)
	at org.testng.SuiteRunner.privateRun(SuiteRunner.java:383)
	at org.testng.SuiteRunner.run(SuiteRunner.java:326)
	at org.testng.SuiteRunnerWorker.runSuite(SuiteRunnerWorker.java:52)
	at org.testng.SuiteRunnerWorker.run(SuiteRunnerWorker.java:95)
	at org.testng.TestNG.runSuitesSequentially(TestNG.java:1249)
	at org.testng.TestNG.runSuitesLocally(TestNG.java:1169)
	at org.testng.TestNG.runSuites(TestNG.java:1092)
	at org.testng.TestNG.run(TestNG.java:1060)
	at com.intellij.rt.testng.IDEARemoteTestNG.run(IDEARemoteTestNG.java:66)
	at com.intellij.rt.testng.RemoteTestNGStarter.main(RemoteTestNGStarter.java:109)
</pre></div></td>
<td>0</td>
<td>ServiceLayerTests@76f2b07d</td></tr>
<tr>
<td title='EntityTests.sanitizeFromApiTestSuccess()'><b>sanitizeFromApiTestSuccess</b><br>Test class: EntityTests</td>
<td></td>
<td>0</td>
<td>EntityTests@305fd85d</td></tr>
<tr>
<td title='EntityTests.sanitizeFromApiTestIdValuesNotConvertible()'><b>sanitizeFromApiTestIdValuesNotConvertible</b><br>Test class: EntityTests</td>
<td></td>
<td>0</td>
<td>EntityTests@305fd85d</td></tr>
<tr>
<td title='ServiceLayerTests.testUpdateHelpRequestDescriptionLong()'><b>testUpdateHelpRequestDescriptionLong</b><br>Test class: ServiceLayerTests</td>
<td><div><pre>com.businessName.CustomerExceptions.MalformedObjectException: Please enter less than 250 characters in the description box
	at com.businessName.ticketService.ClientInteractions.updateHelpRequest(ClientInteractions.java:74)
	at ServiceLayerTests.testUpdateHelpRequestDescriptionLong(ServiceLayerTests.java:187)
	at java.util.ArrayList.forEach(ArrayList.java:1259)
	at com.intellij.rt.testng.IDEARemoteTestNG.run(IDEARemoteTestNG.java:66)
	at com.intellij.rt.testng.RemoteTestNGStarter.main(RemoteTestNGStarter.java:109)
... Removed 24 stack frames</pre></div><a href='#' onClick='toggleBox("stack-trace1957078537", this, "Click to show all stack frames", "Click to hide stack frames")'>Click to show all stack frames</a>
<div class='stack-trace' id='stack-trace1957078537'><pre>com.businessName.CustomerExceptions.MalformedObjectException: Please enter less than 250 characters in the description box
	at com.businessName.ticketService.ClientInteractions.updateHelpRequest(ClientInteractions.java:74)
	at ServiceLayerTests.testUpdateHelpRequestDescriptionLong(ServiceLayerTests.java:187)
	at sun.reflect.NativeMethodAccessorImpl.invoke0(Native Method)
	at sun.reflect.NativeMethodAccessorImpl.invoke(NativeMethodAccessorImpl.java:62)
	at sun.reflect.DelegatingMethodAccessorImpl.invoke(DelegatingMethodAccessorImpl.java:43)
	at java.lang.reflect.Method.invoke(Method.java:498)
	at org.testng.internal.invokers.MethodInvocationHelper.invokeMethod(MethodInvocationHelper.java:135)
	at org.testng.internal.invokers.TestInvoker.invokeMethod(TestInvoker.java:673)
	at org.testng.internal.invokers.TestInvoker.invokeTestMethod(TestInvoker.java:220)
	at org.testng.internal.invokers.MethodRunner.runInSequence(MethodRunner.java:50)
	at org.testng.internal.invokers.TestInvoker$MethodInvocationAgent.invoke(TestInvoker.java:945)
	at org.testng.internal.invokers.TestInvoker.invokeTestMethods(TestInvoker.java:193)
	at org.testng.internal.invokers.TestMethodWorker.invokeTestMethods(TestMethodWorker.java:146)
	at org.testng.internal.invokers.TestMethodWorker.run(TestMethodWorker.java:128)
	at java.util.ArrayList.forEach(ArrayList.java:1259)
	at org.testng.TestRunner.privateRun(TestRunner.java:808)
	at org.testng.TestRunner.run(TestRunner.java:603)
	at org.testng.SuiteRunner.runTest(SuiteRunner.java:429)
	at org.testng.SuiteRunner.runSequentially(SuiteRunner.java:423)
	at org.testng.SuiteRunner.privateRun(SuiteRunner.java:383)
	at org.testng.SuiteRunner.run(SuiteRunner.java:326)
	at org.testng.SuiteRunnerWorker.runSuite(SuiteRunnerWorker.java:52)
	at org.testng.SuiteRunnerWorker.run(SuiteRunnerWorker.java:95)
	at org.testng.TestNG.runSuitesSequentially(TestNG.java:1249)
	at org.testng.TestNG.runSuitesLocally(TestNG.java:1169)
	at org.testng.TestNG.runSuites(TestNG.java:1092)
	at org.testng.TestNG.run(TestNG.java:1060)
	at com.intellij.rt.testng.IDEARemoteTestNG.run(IDEARemoteTestNG.java:66)
	at com.intellij.rt.testng.RemoteTestNGStarter.main(RemoteTestNGStarter.java:109)
</pre></div></td>
<td>0</td>
<td>ServiceLayerTests@76f2b07d</td></tr>
<tr>
<td title='ServiceLayerTests.testCreateHelpRequestSuccess()'><b>testCreateHelpRequestSuccess</b><br>Test class: ServiceLayerTests</td>
<td></td>
<td>0</td>
<td>ServiceLayerTests@76f2b07d</td></tr>
<tr>
<td title='ServiceLayerTests.testUpdateTicketNoTicket()'><b>testUpdateTicketNoTicket</b><br>Test class: ServiceLayerTests</td>
<td><div><pre>com.businessName.CustomerExceptions.RecordNotFound: No request with id 1 was found.
	at com.businessName.ticketService.TechnicianInteractions.updateTicket(TechnicianInteractions.java:117)
	at ServiceLayerTests.testUpdateTicketNoTicket(ServiceLayerTests.java:418)
	at java.util.ArrayList.forEach(ArrayList.java:1259)
	at com.intellij.rt.testng.IDEARemoteTestNG.run(IDEARemoteTestNG.java:66)
	at com.intellij.rt.testng.RemoteTestNGStarter.main(RemoteTestNGStarter.java:109)
... Removed 24 stack frames</pre></div><a href='#' onClick='toggleBox("stack-trace852026681", this, "Click to show all stack frames", "Click to hide stack frames")'>Click to show all stack frames</a>
<div class='stack-trace' id='stack-trace852026681'><pre>com.businessName.CustomerExceptions.RecordNotFound: No request with id 1 was found.
	at com.businessName.ticketService.TechnicianInteractions.updateTicket(TechnicianInteractions.java:117)
	at ServiceLayerTests.testUpdateTicketNoTicket(ServiceLayerTests.java:418)
	at sun.reflect.NativeMethodAccessorImpl.invoke0(Native Method)
	at sun.reflect.NativeMethodAccessorImpl.invoke(NativeMethodAccessorImpl.java:62)
	at sun.reflect.DelegatingMethodAccessorImpl.invoke(DelegatingMethodAccessorImpl.java:43)
	at java.lang.reflect.Method.invoke(Method.java:498)
	at org.testng.internal.invokers.MethodInvocationHelper.invokeMethod(MethodInvocationHelper.java:135)
	at org.testng.internal.invokers.TestInvoker.invokeMethod(TestInvoker.java:673)
	at org.testng.internal.invokers.TestInvoker.invokeTestMethod(TestInvoker.java:220)
	at org.testng.internal.invokers.MethodRunner.runInSequence(MethodRunner.java:50)
	at org.testng.internal.invokers.TestInvoker$MethodInvocationAgent.invoke(TestInvoker.java:945)
	at org.testng.internal.invokers.TestInvoker.invokeTestMethods(TestInvoker.java:193)
	at org.testng.internal.invokers.TestMethodWorker.invokeTestMethods(TestMethodWorker.java:146)
	at org.testng.internal.invokers.TestMethodWorker.run(TestMethodWorker.java:128)
	at java.util.ArrayList.forEach(ArrayList.java:1259)
	at org.testng.TestRunner.privateRun(TestRunner.java:808)
	at org.testng.TestRunner.run(TestRunner.java:603)
	at org.testng.SuiteRunner.runTest(SuiteRunner.java:429)
	at org.testng.SuiteRunner.runSequentially(SuiteRunner.java:423)
	at org.testng.SuiteRunner.privateRun(SuiteRunner.java:383)
	at org.testng.SuiteRunner.run(SuiteRunner.java:326)
	at org.testng.SuiteRunnerWorker.runSuite(SuiteRunnerWorker.java:52)
	at org.testng.SuiteRunnerWorker.run(SuiteRunnerWorker.java:95)
	at org.testng.TestNG.runSuitesSequentially(TestNG.java:1249)
	at org.testng.TestNG.runSuitesLocally(TestNG.java:1169)
	at org.testng.TestNG.runSuites(TestNG.java:1092)
	at org.testng.TestNG.run(TestNG.java:1060)
	at com.intellij.rt.testng.IDEARemoteTestNG.run(IDEARemoteTestNG.java:66)
	at com.intellij.rt.testng.RemoteTestNGStarter.main(RemoteTestNGStarter.java:109)
</pre></div></td>
<td>0</td>
<td>ServiceLayerTests@76f2b07d</td></tr>
<tr>
<td title='ServiceLayerTests.testCreateHelpRequestDescriptionTooLong()'><b>testCreateHelpRequestDescriptionTooLong</b><br>Test class: ServiceLayerTests</td>
<td><div><pre>com.businessName.CustomerExceptions.MalformedObjectException: Please enter less than 250 characters in the description box
	at com.businessName.ticketService.ClientInteractions.createHelpRequest(ClientInteractions.java:28)
	at ServiceLayerTests.testCreateHelpRequestDescriptionTooLong(ServiceLayerTests.java:205)
	at java.util.ArrayList.forEach(ArrayList.java:1259)
	at com.intellij.rt.testng.IDEARemoteTestNG.run(IDEARemoteTestNG.java:66)
	at com.intellij.rt.testng.RemoteTestNGStarter.main(RemoteTestNGStarter.java:109)
... Removed 24 stack frames</pre></div><a href='#' onClick='toggleBox("stack-trace2069500590", this, "Click to show all stack frames", "Click to hide stack frames")'>Click to show all stack frames</a>
<div class='stack-trace' id='stack-trace2069500590'><pre>com.businessName.CustomerExceptions.MalformedObjectException: Please enter less than 250 characters in the description box
	at com.businessName.ticketService.ClientInteractions.createHelpRequest(ClientInteractions.java:28)
	at ServiceLayerTests.testCreateHelpRequestDescriptionTooLong(ServiceLayerTests.java:205)
	at sun.reflect.NativeMethodAccessorImpl.invoke0(Native Method)
	at sun.reflect.NativeMethodAccessorImpl.invoke(NativeMethodAccessorImpl.java:62)
	at sun.reflect.DelegatingMethodAccessorImpl.invoke(DelegatingMethodAccessorImpl.java:43)
	at java.lang.reflect.Method.invoke(Method.java:498)
	at org.testng.internal.invokers.MethodInvocationHelper.invokeMethod(MethodInvocationHelper.java:135)
	at org.testng.internal.invokers.TestInvoker.invokeMethod(TestInvoker.java:673)
	at org.testng.internal.invokers.TestInvoker.invokeTestMethod(TestInvoker.java:220)
	at org.testng.internal.invokers.MethodRunner.runInSequence(MethodRunner.java:50)
	at org.testng.internal.invokers.TestInvoker$MethodInvocationAgent.invoke(TestInvoker.java:945)
	at org.testng.internal.invokers.TestInvoker.invokeTestMethods(TestInvoker.java:193)
	at org.testng.internal.invokers.TestMethodWorker.invokeTestMethods(TestMethodWorker.java:146)
	at org.testng.internal.invokers.TestMethodWorker.run(TestMethodWorker.java:128)
	at java.util.ArrayList.forEach(ArrayList.java:1259)
	at org.testng.TestRunner.privateRun(TestRunner.java:808)
	at org.testng.TestRunner.run(TestRunner.java:603)
	at org.testng.SuiteRunner.runTest(SuiteRunner.java:429)
	at org.testng.SuiteRunner.runSequentially(SuiteRunner.java:423)
	at org.testng.SuiteRunner.privateRun(SuiteRunner.java:383)
	at org.testng.SuiteRunner.run(SuiteRunner.java:326)
	at org.testng.SuiteRunnerWorker.runSuite(SuiteRunnerWorker.java:52)
	at org.testng.SuiteRunnerWorker.run(SuiteRunnerWorker.java:95)
	at org.testng.TestNG.runSuitesSequentially(TestNG.java:1249)
	at org.testng.TestNG.runSuitesLocally(TestNG.java:1169)
	at org.testng.TestNG.runSuites(TestNG.java:1092)
	at org.testng.TestNG.run(TestNG.java:1060)
	at com.intellij.rt.testng.IDEARemoteTestNG.run(IDEARemoteTestNG.java:66)
	at com.intellij.rt.testng.RemoteTestNGStarter.main(RemoteTestNGStarter.java:109)
</pre></div></td>
<td>0</td>
<td>ServiceLayerTests@76f2b07d</td></tr>
<tr>
<td title='ServiceLayerTests.testUpdateHelpRequestNoRecord()'><b>testUpdateHelpRequestNoRecord</b><br>Test class: ServiceLayerTests</td>
<td><div><pre>com.businessName.CustomerExceptions.RecordNotFound: No request with id 1 was found.
	at com.businessName.ticketService.ClientInteractions.updateHelpRequest(ClientInteractions.java:67)
	at ServiceLayerTests.testUpdateHelpRequestNoRecord(ServiceLayerTests.java:174)
	at java.util.ArrayList.forEach(ArrayList.java:1259)
	at com.intellij.rt.testng.IDEARemoteTestNG.run(IDEARemoteTestNG.java:66)
	at com.intellij.rt.testng.RemoteTestNGStarter.main(RemoteTestNGStarter.java:109)
... Removed 24 stack frames</pre></div><a href='#' onClick='toggleBox("stack-trace1279740095", this, "Click to show all stack frames", "Click to hide stack frames")'>Click to show all stack frames</a>
<div class='stack-trace' id='stack-trace1279740095'><pre>com.businessName.CustomerExceptions.RecordNotFound: No request with id 1 was found.
	at com.businessName.ticketService.ClientInteractions.updateHelpRequest(ClientInteractions.java:67)
	at ServiceLayerTests.testUpdateHelpRequestNoRecord(ServiceLayerTests.java:174)
	at sun.reflect.NativeMethodAccessorImpl.invoke0(Native Method)
	at sun.reflect.NativeMethodAccessorImpl.invoke(NativeMethodAccessorImpl.java:62)
	at sun.reflect.DelegatingMethodAccessorImpl.invoke(DelegatingMethodAccessorImpl.java:43)
	at java.lang.reflect.Method.invoke(Method.java:498)
	at org.testng.internal.invokers.MethodInvocationHelper.invokeMethod(MethodInvocationHelper.java:135)
	at org.testng.internal.invokers.TestInvoker.invokeMethod(TestInvoker.java:673)
	at org.testng.internal.invokers.TestInvoker.invokeTestMethod(TestInvoker.java:220)
	at org.testng.internal.invokers.MethodRunner.runInSequence(MethodRunner.java:50)
	at org.testng.internal.invokers.TestInvoker$MethodInvocationAgent.invoke(TestInvoker.java:945)
	at org.testng.internal.invokers.TestInvoker.invokeTestMethods(TestInvoker.java:193)
	at org.testng.internal.invokers.TestMethodWorker.invokeTestMethods(TestMethodWorker.java:146)
	at org.testng.internal.invokers.TestMethodWorker.run(TestMethodWorker.java:128)
	at java.util.ArrayList.forEach(ArrayList.java:1259)
	at org.testng.TestRunner.privateRun(TestRunner.java:808)
	at org.testng.TestRunner.run(TestRunner.java:603)
	at org.testng.SuiteRunner.runTest(SuiteRunner.java:429)
	at org.testng.SuiteRunner.runSequentially(SuiteRunner.java:423)
	at org.testng.SuiteRunner.privateRun(SuiteRunner.java:383)
	at org.testng.SuiteRunner.run(SuiteRunner.java:326)
	at org.testng.SuiteRunnerWorker.runSuite(SuiteRunnerWorker.java:52)
	at org.testng.SuiteRunnerWorker.run(SuiteRunnerWorker.java:95)
	at org.testng.TestNG.runSuitesSequentially(TestNG.java:1249)
	at org.testng.TestNG.runSuitesLocally(TestNG.java:1169)
	at org.testng.TestNG.runSuites(TestNG.java:1092)
	at org.testng.TestNG.run(TestNG.java:1060)
	at com.intellij.rt.testng.IDEARemoteTestNG.run(IDEARemoteTestNG.java:66)
	at com.intellij.rt.testng.RemoteTestNGStarter.main(RemoteTestNGStarter.java:109)
</pre></div></td>
<td>0</td>
<td>ServiceLayerTests@76f2b07d</td></tr>
<tr>
<td title='EntityTests.sanitizeFromApiTestIdValuesNotConvertibleIsEmpty()'><b>sanitizeFromApiTestIdValuesNotConvertibleIsEmpty</b><br>Test class: EntityTests</td>
<td></td>
<td>0</td>
<td>EntityTests@305fd85d</td></tr>
<tr>
<td title='ServiceLayerTests.testUpdateTicketNegativeComment()'><b>testUpdateTicketNegativeComment</b><br>Test class: ServiceLayerTests</td>
<td><div><pre>com.businessName.CustomerExceptions.MalformedObjectException: Please enter less than 250 characters in description
	at com.businessName.ticketService.TechnicianInteractions.updateTicket(TechnicianInteractions.java:129)
	at ServiceLayerTests.testUpdateTicketNegativeComment(ServiceLayerTests.java:403)
	at java.util.ArrayList.forEach(ArrayList.java:1259)
	at com.intellij.rt.testng.IDEARemoteTestNG.run(IDEARemoteTestNG.java:66)
	at com.intellij.rt.testng.RemoteTestNGStarter.main(RemoteTestNGStarter.java:109)
... Removed 24 stack frames</pre></div><a href='#' onClick='toggleBox("stack-trace1677568775", this, "Click to show all stack frames", "Click to hide stack frames")'>Click to show all stack frames</a>
<div class='stack-trace' id='stack-trace1677568775'><pre>com.businessName.CustomerExceptions.MalformedObjectException: Please enter less than 250 characters in description
	at com.businessName.ticketService.TechnicianInteractions.updateTicket(TechnicianInteractions.java:129)
	at ServiceLayerTests.testUpdateTicketNegativeComment(ServiceLayerTests.java:403)
	at sun.reflect.NativeMethodAccessorImpl.invoke0(Native Method)
	at sun.reflect.NativeMethodAccessorImpl.invoke(NativeMethodAccessorImpl.java:62)
	at sun.reflect.DelegatingMethodAccessorImpl.invoke(DelegatingMethodAccessorImpl.java:43)
	at java.lang.reflect.Method.invoke(Method.java:498)
	at org.testng.internal.invokers.MethodInvocationHelper.invokeMethod(MethodInvocationHelper.java:135)
	at org.testng.internal.invokers.TestInvoker.invokeMethod(TestInvoker.java:673)
	at org.testng.internal.invokers.TestInvoker.invokeTestMethod(TestInvoker.java:220)
	at org.testng.internal.invokers.MethodRunner.runInSequence(MethodRunner.java:50)
	at org.testng.internal.invokers.TestInvoker$MethodInvocationAgent.invoke(TestInvoker.java:945)
	at org.testng.internal.invokers.TestInvoker.invokeTestMethods(TestInvoker.java:193)
	at org.testng.internal.invokers.TestMethodWorker.invokeTestMethods(TestMethodWorker.java:146)
	at org.testng.internal.invokers.TestMethodWorker.run(TestMethodWorker.java:128)
	at java.util.ArrayList.forEach(ArrayList.java:1259)
	at org.testng.TestRunner.privateRun(TestRunner.java:808)
	at org.testng.TestRunner.run(TestRunner.java:603)
	at org.testng.SuiteRunner.runTest(SuiteRunner.java:429)
	at org.testng.SuiteRunner.runSequentially(SuiteRunner.java:423)
	at org.testng.SuiteRunner.privateRun(SuiteRunner.java:383)
	at org.testng.SuiteRunner.run(SuiteRunner.java:326)
	at org.testng.SuiteRunnerWorker.runSuite(SuiteRunnerWorker.java:52)
	at org.testng.SuiteRunnerWorker.run(SuiteRunnerWorker.java:95)
	at org.testng.TestNG.runSuitesSequentially(TestNG.java:1249)
	at org.testng.TestNG.runSuitesLocally(TestNG.java:1169)
	at org.testng.TestNG.runSuites(TestNG.java:1092)
	at org.testng.TestNG.run(TestNG.java:1060)
	at com.intellij.rt.testng.IDEARemoteTestNG.run(IDEARemoteTestNG.java:66)
	at com.intellij.rt.testng.RemoteTestNGStarter.main(RemoteTestNGStarter.java:109)
</pre></div></td>
<td>0</td>
<td>ServiceLayerTests@76f2b07d</td></tr>
<tr>
<td title='ServiceLayerTests.viewHelpTicketNoOpenTicket()'><b>viewHelpTicketNoOpenTicket</b><br>Test class: ServiceLayerTests</td>
<td><div><pre>com.businessName.CustomerExceptions.RecordNotFound: You have no open tickets.
	at com.businessName.ticketService.TechnicianInteractions.viewOpenTicket(TechnicianInteractions.java:97)
	at ServiceLayerTests.viewHelpTicketNoOpenTicket(ServiceLayerTests.java:344)
	at java.util.ArrayList.forEach(ArrayList.java:1259)
	at com.intellij.rt.testng.IDEARemoteTestNG.run(IDEARemoteTestNG.java:66)
	at com.intellij.rt.testng.RemoteTestNGStarter.main(RemoteTestNGStarter.java:109)
... Removed 24 stack frames</pre></div><a href='#' onClick='toggleBox("stack-trace1943855334", this, "Click to show all stack frames", "Click to hide stack frames")'>Click to show all stack frames</a>
<div class='stack-trace' id='stack-trace1943855334'><pre>com.businessName.CustomerExceptions.RecordNotFound: You have no open tickets.
	at com.businessName.ticketService.TechnicianInteractions.viewOpenTicket(TechnicianInteractions.java:97)
	at ServiceLayerTests.viewHelpTicketNoOpenTicket(ServiceLayerTests.java:344)
	at sun.reflect.NativeMethodAccessorImpl.invoke0(Native Method)
	at sun.reflect.NativeMethodAccessorImpl.invoke(NativeMethodAccessorImpl.java:62)
	at sun.reflect.DelegatingMethodAccessorImpl.invoke(DelegatingMethodAccessorImpl.java:43)
	at java.lang.reflect.Method.invoke(Method.java:498)
	at org.testng.internal.invokers.MethodInvocationHelper.invokeMethod(MethodInvocationHelper.java:135)
	at org.testng.internal.invokers.TestInvoker.invokeMethod(TestInvoker.java:673)
	at org.testng.internal.invokers.TestInvoker.invokeTestMethod(TestInvoker.java:220)
	at org.testng.internal.invokers.MethodRunner.runInSequence(MethodRunner.java:50)
	at org.testng.internal.invokers.TestInvoker$MethodInvocationAgent.invoke(TestInvoker.java:945)
	at org.testng.internal.invokers.TestInvoker.invokeTestMethods(TestInvoker.java:193)
	at org.testng.internal.invokers.TestMethodWorker.invokeTestMethods(TestMethodWorker.java:146)
	at org.testng.internal.invokers.TestMethodWorker.run(TestMethodWorker.java:128)
	at java.util.ArrayList.forEach(ArrayList.java:1259)
	at org.testng.TestRunner.privateRun(TestRunner.java:808)
	at org.testng.TestRunner.run(TestRunner.java:603)
	at org.testng.SuiteRunner.runTest(SuiteRunner.java:429)
	at org.testng.SuiteRunner.runSequentially(SuiteRunner.java:423)
	at org.testng.SuiteRunner.privateRun(SuiteRunner.java:383)
	at org.testng.SuiteRunner.run(SuiteRunner.java:326)
	at org.testng.SuiteRunnerWorker.runSuite(SuiteRunnerWorker.java:52)
	at org.testng.SuiteRunnerWorker.run(SuiteRunnerWorker.java:95)
	at org.testng.TestNG.runSuitesSequentially(TestNG.java:1249)
	at org.testng.TestNG.runSuitesLocally(TestNG.java:1169)
	at org.testng.TestNG.runSuites(TestNG.java:1092)
	at org.testng.TestNG.run(TestNG.java:1060)
	at com.intellij.rt.testng.IDEARemoteTestNG.run(IDEARemoteTestNG.java:66)
	at com.intellij.rt.testng.RemoteTestNGStarter.main(RemoteTestNGStarter.java:109)
</pre></div></td>
<td>0</td>
<td>ServiceLayerTests@76f2b07d</td></tr>
<tr>
<td title='DataAccessTests.updateObjectDBSuccessFirstName()'><b>updateObjectDBSuccessFirstName</b><br>Test class: DataAccessTests</td>
<td></td>
<td>0</td>
<td>DataAccessTests@458c1321</td></tr>
<tr>
<td title='ServiceLayerTests.testCreateHelpTicketIncorrectCategory()'><b>testCreateHelpTicketIncorrectCategory</b><br>Test class: ServiceLayerTests</td>
<td><div><pre>com.businessName.CustomerExceptions.MalformedObjectException: The category you have entered does not exist
	at com.businessName.ticketService.TechnicianInteractions.createTicket(TechnicianInteractions.java:51)
	at ServiceLayerTests.testCreateHelpTicketIncorrectCategory(ServiceLayerTests.java:308)
	at java.util.ArrayList.forEach(ArrayList.java:1259)
	at com.intellij.rt.testng.IDEARemoteTestNG.run(IDEARemoteTestNG.java:66)
	at com.intellij.rt.testng.RemoteTestNGStarter.main(RemoteTestNGStarter.java:109)
... Removed 24 stack frames</pre></div><a href='#' onClick='toggleBox("stack-trace1384563514", this, "Click to show all stack frames", "Click to hide stack frames")'>Click to show all stack frames</a>
<div class='stack-trace' id='stack-trace1384563514'><pre>com.businessName.CustomerExceptions.MalformedObjectException: The category you have entered does not exist
	at com.businessName.ticketService.TechnicianInteractions.createTicket(TechnicianInteractions.java:51)
	at ServiceLayerTests.testCreateHelpTicketIncorrectCategory(ServiceLayerTests.java:308)
	at sun.reflect.NativeMethodAccessorImpl.invoke0(Native Method)
	at sun.reflect.NativeMethodAccessorImpl.invoke(NativeMethodAccessorImpl.java:62)
	at sun.reflect.DelegatingMethodAccessorImpl.invoke(DelegatingMethodAccessorImpl.java:43)
	at java.lang.reflect.Method.invoke(Method.java:498)
	at org.testng.internal.invokers.MethodInvocationHelper.invokeMethod(MethodInvocationHelper.java:135)
	at org.testng.internal.invokers.TestInvoker.invokeMethod(TestInvoker.java:673)
	at org.testng.internal.invokers.TestInvoker.invokeTestMethod(TestInvoker.java:220)
	at org.testng.internal.invokers.MethodRunner.runInSequence(MethodRunner.java:50)
	at org.testng.internal.invokers.TestInvoker$MethodInvocationAgent.invoke(TestInvoker.java:945)
	at org.testng.internal.invokers.TestInvoker.invokeTestMethods(TestInvoker.java:193)
	at org.testng.internal.invokers.TestMethodWorker.invokeTestMethods(TestMethodWorker.java:146)
	at org.testng.internal.invokers.TestMethodWorker.run(TestMethodWorker.java:128)
	at java.util.ArrayList.forEach(ArrayList.java:1259)
	at org.testng.TestRunner.privateRun(TestRunner.java:808)
	at org.testng.TestRunner.run(TestRunner.java:603)
	at org.testng.SuiteRunner.runTest(SuiteRunner.java:429)
	at org.testng.SuiteRunner.runSequentially(SuiteRunner.java:423)
	at org.testng.SuiteRunner.privateRun(SuiteRunner.java:383)
	at org.testng.SuiteRunner.run(SuiteRunner.java:326)
	at org.testng.SuiteRunnerWorker.runSuite(SuiteRunnerWorker.java:52)
	at org.testng.SuiteRunnerWorker.run(SuiteRunnerWorker.java:95)
	at org.testng.TestNG.runSuitesSequentially(TestNG.java:1249)
	at org.testng.TestNG.runSuitesLocally(TestNG.java:1169)
	at org.testng.TestNG.runSuites(TestNG.java:1092)
	at org.testng.TestNG.run(TestNG.java:1060)
	at com.intellij.rt.testng.IDEARemoteTestNG.run(IDEARemoteTestNG.java:66)
	at com.intellij.rt.testng.RemoteTestNGStarter.main(RemoteTestNGStarter.java:109)
</pre></div></td>
<td>0</td>
<td>ServiceLayerTests@76f2b07d</td></tr>
<tr>
<td title='DataAccessTests.updateObjectDBSuccessLastName()'><b>updateObjectDBSuccessLastName</b><br>Test class: DataAccessTests</td>
<td></td>
<td>0</td>
<td>DataAccessTests@458c1321</td></tr>
<tr>
<td title='ServiceLayerTests.viewHelpRequestSuccess()'><b>viewHelpRequestSuccess</b><br>Test class: ServiceLayerTests</td>
<td></td>
<td>0</td>
<td>ServiceLayerTests@76f2b07d</td></tr>
<tr>
<td title='ServiceLayerTests.viewHelpTicketSuccess()'><b>viewHelpTicketSuccess</b><br>Test class: ServiceLayerTests</td>
<td></td>
<td>0</td>
<td>ServiceLayerTests@76f2b07d</td></tr>
</table><p>
</body>
</html>